<?xml version="1.0" encoding="UTF-8"?>
<!-- Generated by org.testng.reporters.JUnitReportReporter -->
<testsuite hostname="Anuradha" failures="0" tests="1" name="Demosite.DemoTest" time="8.378" errors="0" timestamp="2025-01-02T20:02:22 IST" skipped="0">
  <testcase classname="Demosite.DemoTest" name="addToCartTest" time="8.378"/>
</testsuite> <!-- Demosite.DemoTest -->
