<?xml version="1.0" encoding="UTF-8"?>
<!-- Generated by org.testng.reporters.JUnitReportReporter -->
<testsuite hostname="Anuradha" failures="0" tests="1" name="Demosite.DemoTest1" time="7.779" errors="0" timestamp="2025-01-02T21:21:34 IST" skipped="0">
  <testcase classname="Demosite.DemoTest1" name="addToCartTest" time="7.779"/>
</testsuite> <!-- Demosite.DemoTest1 -->
