<?xml version="1.0" encoding="UTF-8"?>
<!-- Generated by org.testng.reporters.JUnitReportReporter -->
<testsuite hostname="Anuradha" failures="0" tests="1" name="Demosite.TestDemo" time="155.768" errors="0" timestamp="2025-01-10T17:40:48 IST" skipped="0">
  <testcase classname="Demosite.TestDemo" name="CallingMethods" time="155.768"/>
</testsuite> <!-- Demosite.TestDemo -->
